<?xml version="1.0" encoding="UTF-8"?>
<testsuite xmlns:xsi="http://www.w3.org/2001/XMLSchema-instance" xsi:noNamespaceSchemaLocation="https://maven.apache.org/surefire/maven-surefire-plugin/xsd/surefire-test-report-3.0.xsd" version="3.0" name="sit707_tasks.DateUtilTest" time="0.108" tests="29" errors="0" skipped="0" failures="0">
  <properties>
[...]
</properties>
  <testcase name="testD3_M2_Y1_Day30In31DayMonthIncrement" classname="sit707_tasks.DateUtilTest" time="0.004"/>
  <testcase name="testD4_M2_Y1_EndOf31DayMonthIncrement" classname="sit707_tasks.DateUtilTest" time="0.0"/>
  <testcase name="testInvalidYearBelowRange" classname="sit707_tasks.DateUtilTest" time="0.0"/>
  <testcase name="testStudentIdentity" classname="sit707_tasks.DateUtilTest" time="0.0"/>
  <testcase name="testD1_M2_Y1_DecrementNormal31DayMonth" classname="sit707_tasks.DateUtilTest" time="0.0"/>
  <testcase name="testD1_M3_Y1_IncrementNormalFebruaryNonLeap" classname="sit707_tasks.DateUtilTest" time="0.0"/>
  <testcase name="testD2_M2_Y1_Day29In31DayMonthIncrement" classname="sit707_tasks.DateUtilTest" time="0.0"/>
  <testcase name="testInvalidMonthAboveRange" classname="sit707_tasks.DateUtilTest" time="0.0"/>
  <testcase name="testD2_M1_Y1_Day29In30DayMonthIncrement" classname="sit707_tasks.DateUtilTest" time="0.0"/>
  <testcase name="testInvalidMonthBelowRange" classname="sit707_tasks.DateUtilTest" time="0.0"/>
  <testcase name="testD2_M3_Y2_LeapYearFeb29Increment" classname="sit707_tasks.DateUtilTest" time="0.0"/>
  <testcase name="testD4_M2_Y1_EndOf31DayMonthDecrement" classname="sit707_tasks.DateUtilTest" time="0.0"/>
  <testcase name="testInvalid_D4_M1_31In30DayMonth" classname="sit707_tasks.DateUtilTest" time="0.0"/>
  <testcase name="testInvalidDayAboveRange" classname="sit707_tasks.DateUtilTest" time="0.0"/>
  <testcase name="testD1_M1_Y1_DecrementNormal30DayMonth" classname="sit707_tasks.DateUtilTest" time="0.0"/>
  <testcase name="testD3_M1_Y1_EndOf30DayMonthIncrement" classname="sit707_tasks.DateUtilTest" time="0.0"/>
  <testcase name="testD1_M2_Y1_IncrementNormal31DayMonth" classname="sit707_tasks.DateUtilTest" time="0.0"/>
  <testcase name="testValidUpperYearClass" classname="sit707_tasks.DateUtilTest" time="0.0"/>
  <testcase name="testInvalidDayBelowRange" classname="sit707_tasks.DateUtilTest" time="0.0"/>
  <testcase name="testD1_M3_Y1_DecrementNormalFebruaryNonLeap" classname="sit707_tasks.DateUtilTest" time="0.0"/>
  <testcase name="testInvalid_D4_M3_31Feb" classname="sit707_tasks.DateUtilTest" time="0.0"/>
  <testcase name="testInvalid_D3_M3_30Feb" classname="sit707_tasks.DateUtilTest" time="0.0"/>
  <testcase name="testInvalid_D2_M3_Y1_29FebNonLeapYear" classname="sit707_tasks.DateUtilTest" time="0.001"/>
  <testcase name="testStudentName" classname="sit707_tasks.DateUtilTest" time="0.0"/>
  <testcase name="testInvalidYearAboveRange" classname="sit707_tasks.DateUtilTest" time="0.0"/>
  <testcase name="testD2_M3_Y2_LeapYearFeb29Decrement" classname="sit707_tasks.DateUtilTest" time="0.0"/>
  <testcase name="testValidLowerYearClass" classname="sit707_tasks.DateUtilTest" time="0.0"/>
  <testcase name="testD1_M1_Y1_IncrementNormal30DayMonth" classname="sit707_tasks.DateUtilTest" time="0.0"/>
  <testcase name="testD3_M1_Y1_EndOf30DayMonthDecrement" classname="sit707_tasks.DateUtilTest" time="0.003"/>
</testsuite>